2020-03-29 13:33:52 INFO  root:22 - server start
2020-03-29 14:14:47 INFO  root:27 - server start
2020-03-29 14:24:13 INFO  root:27 - server start
2020-03-29 14:25:07 INFO  root:27 - server start
2020-03-29 14:26:42 INFO  root:27 - server start
2020-03-29 14:27:27 INFO  root:27 - server start
2020-03-29 14:27:53 INFO  root:27 - server start
2020-03-29 14:50:04 INFO  root:27 - server start
2020-03-29 14:51:08 INFO  root:27 - server start
2020-03-29 15:04:36 INFO  root:23 - server start
2020-03-29 15:11:38 INFO  root:23 - server start
2020-03-29 15:11:56 INFO  root:66 - client send  1245634
2020-03-29 15:12:12 INFO  root:23 - server start
2020-03-29 15:12:22 INFO  root:66 - client send rtyui
2020-03-29 15:12:50 INFO  root:70 - logLevel setall
2020-03-29 15:13:03 DEBUG root:61 - client diconnectSocket[addr=/127.0.0.1,port=56865,localport=8080]
2020-03-29 15:13:34 INFO  root:23 - server start
2020-03-29 15:13:52 INFO  root:67 - client send rrtyuio
2020-03-29 15:13:59 DEBUG root:61 - client diconnectSocket[addr=/127.0.0.1,port=56879,localport=8080]
2020-03-29 15:14:51 INFO  root:23 - server start
2020-03-29 15:15:12 INFO  root:68 - client send ghjkl
2020-03-29 15:15:19 DEBUG root:62 - client diconnectSocket[addr=/127.0.0.1,port=56894,localport=8080]
2020-03-29 15:20:27 INFO  root:23 - server start
2020-03-29 15:28:06 INFO  root:68 - client send fghjk
2020-03-29 15:28:11 DEBUG root:62 - client diconnectSocket[addr=/127.0.0.1,port=57002,localport=8080]
2020-03-29 15:28:29 INFO  root:68 - client send hi
